<?xml version="1.0" encoding="UTF-8"?>
<testng-results skipped="0" failed="0" ignored="0" total="1" passed="1">
  <reporter-output>
  </reporter-output>
  <suite name="Default suite" duration-ms="100145" started-at="2017-05-24T21:29:11Z" finished-at="2017-05-24T21:30:51Z">
    <groups>
    </groups>
    <test name="Default test" duration-ms="100145" started-at="2017-05-24T21:29:11Z" finished-at="2017-05-24T21:30:51Z">
      <class name="email.Email_main">
        <test-method status="PASS" signature="openBrowser()[pri:0, instance:email.Email_main@6e1567f1]" name="openBrowser" is-config="true" duration-ms="40356" started-at="2017-05-24T17:29:11Z" finished-at="2017-05-24T17:29:51Z">
          <reporter-output>
          </reporter-output>
        </test-method> <!-- openBrowser -->
        <test-method status="PASS" signature="openWebsite()[pri:0, instance:email.Email_main@6e1567f1]" name="openWebsite" duration-ms="55991" started-at="2017-05-24T17:29:52Z" finished-at="2017-05-24T17:30:48Z">
          <reporter-output>
          </reporter-output>
        </test-method> <!-- openWebsite -->
        <test-method status="PASS" signature="Teardown()[pri:0, instance:email.Email_main@6e1567f1]" name="Teardown" is-config="true" duration-ms="3353" started-at="2017-05-24T17:30:48Z" finished-at="2017-05-24T17:30:51Z">
          <reporter-output>
          </reporter-output>
        </test-method> <!-- Teardown -->
      </class> <!-- email.Email_main -->
    </test> <!-- Default test -->
  </suite> <!-- Default suite -->
</testng-results>
