<?xml version="1.0" encoding="UTF-8"?>
<testng-results skipped="0" failed="0" ignored="0" total="1" passed="1">
  <reporter-output>
  </reporter-output>
  <suite name="Suite1" duration-ms="54636" started-at="2017-05-25T02:37:25Z" finished-at="2017-05-25T02:38:20Z">
    <groups>
    </groups>
    <test name="**************************SampleTest*************************************" duration-ms="54636" started-at="2017-05-25T02:37:25Z" finished-at="2017-05-25T02:38:20Z">
      <class name="email.Email_main">
        <test-method status="PASS" signature="openBrowser()[pri:0, instance:email.Email_main@cb644e]" name="openBrowser" is-config="true" duration-ms="9689" started-at="2017-05-24T22:37:25Z" finished-at="2017-05-24T22:37:35Z">
          <reporter-output>
          </reporter-output>
        </test-method> <!-- openBrowser -->
        <test-method status="PASS" signature="openWebsite()[pri:0, instance:email.Email_main@cb644e]" name="openWebsite" duration-ms="43526" started-at="2017-05-24T22:37:35Z" finished-at="2017-05-24T22:38:18Z">
          <reporter-output>
          </reporter-output>
        </test-method> <!-- openWebsite -->
        <test-method status="PASS" signature="Teardown()[pri:0, instance:email.Email_main@cb644e]" name="Teardown" is-config="true" duration-ms="1396" started-at="2017-05-24T22:38:18Z" finished-at="2017-05-24T22:38:20Z">
          <reporter-output>
          </reporter-output>
        </test-method> <!-- Teardown -->
      </class> <!-- email.Email_main -->
    </test> <!-- **************************SampleTest************************************* -->
  </suite> <!-- Suite1 -->
</testng-results>
